<?xml version="1.0" encoding="UTF-8"?>
<!-- Generated by org.testng.reporters.JUnitReportReporter -->
<testsuite hostname="DESKTOP-PGQ2JRL" failures="0" tests="1" name="JiraTest" time="1.973" errors="0" timestamp="2022-02-07T17:35:46 IST" skipped="0">
  <testcase classname="JiraTest" name="jiraAutomation" time="1.973"/>
  <system-out/>
</testsuite> <!-- JiraTest -->
