<?xml version="1.0" encoding="UTF-8"?>
<!-- Generated by org.testng.reporters.JUnitReportReporter -->
<testsuite hostname="DESKTOP-PGQ2JRL" failures="0" tests="1" name="OAuthTest" time="4.155" errors="0" timestamp="2022-02-08T18:34:59 IST" skipped="0">
  <testcase classname="OAuthTest" name="OAuthValidation" time="4.155"/>
  <system-out/>
</testsuite> <!-- OAuthTest -->
