<?xml version="1.0" encoding="UTF-8"?>
<!-- Generated by org.testng.reporters.JUnitReportReporter -->
<testsuite hostname="DESKTOP-PGQ2JRL" failures="0" tests="1" name="AddPThroughPojo" time="2.771" errors="0" timestamp="2022-02-18T19:19:55 IST" skipped="0">
  <testcase classname="AddPThroughPojo" name="addPlace" time="2.771"/>
  <system-out/>
</testsuite> <!-- AddPThroughPojo -->
