<?xml version="1.0" encoding="UTF-8"?>
<!-- Generated by org.testng.reporters.JUnitReportReporter -->
<testsuite hostname="DESKTOP-PGQ2JRL" failures="0" tests="3" name="AddBook" time="5.154" errors="0" timestamp="2022-02-05T18:53:17 IST" skipped="0">
  <testcase classname="AddBook" name="addBook1" time="0.728"/>
  <system-out/>
  <testcase classname="AddBook" name="addBook1" time="3.344"/>
  <system-out/>
  <testcase classname="AddBook" name="addBook1" time="1.082"/>
  <system-out/>
</testsuite> <!-- AddBook -->
